android/app/build/intermediates/manifest_merge_blame_file/debug/processDebugMainManifest/manifest-merger-blame-debug-report.txt
1<?xml version="1.0" encoding="utf-8"?>
2<manifest xmlns:android="http://schemas.android.com/apk/res/android"
3    package="com.artjiang.helix"
4    android:versionCode="20260817"
5    android:versionName="2.2.96" >
6
7    <uses-sdk
8        android:minSdkVersion="26"
9        android:targetSdkVersion="35" />
10
11    <uses-permission android:name="android.permission.INTERNET" />
11-->src/main/AndroidManifest.xml:5:5-67
11-->src/main/AndroidManifest.xml:5:22-64
12    <uses-permission android:name="android.permission.RECORD_AUDIO" />
12-->src/main/AndroidManifest.xml:6:5-71
12-->src/main/AndroidManifest.xml:6:22-68
13    <!-- BLE: legacy permissions for API < 31, new runtime permissions for 31+ -->
14    <uses-permission
14-->src/main/AndroidManifest.xml:8:5-95
15        android:name="android.permission.BLUETOOTH"
15-->src/main/AndroidManifest.xml:8:22-65
16        android:maxSdkVersion="30" />
16-->src/main/AndroidManifest.xml:8:66-92
17    <uses-permission
17-->src/main/AndroidManifest.xml:9:5-101
18        android:name="android.permission.BLUETOOTH_ADMIN"
18-->src/main/AndroidManifest.xml:9:22-71
19        android:maxSdkVersion="30" />
19-->src/main/AndroidManifest.xml:9:72-98
20    <uses-permission
20-->src/main/AndroidManifest.xml:10:5-106
21        android:name="android.permission.ACCESS_FINE_LOCATION"
21-->src/main/AndroidManifest.xml:10:22-76
22        android:maxSdkVersion="30" />
22-->src/main/AndroidManifest.xml:10:77-103
23    <uses-permission
23-->src/main/AndroidManifest.xml:11:5-140
24        android:name="android.permission.BLUETOOTH_SCAN"
24-->src/main/AndroidManifest.xml:11:22-70
25        android:usesPermissionFlags="neverForLocation" />
25-->src/main/AndroidManifest.xml:11:71-117
26    <uses-permission android:name="android.permission.BLUETOOTH_CONNECT" />
26-->src/main/AndroidManifest.xml:12:5-76
26-->src/main/AndroidManifest.xml:12:22-73
27
28    <uses-feature
28-->src/main/AndroidManifest.xml:14:5-91
29        android:name="android.hardware.bluetooth_le"
29-->src/main/AndroidManifest.xml:14:19-63
30        android:required="false" />
30-->src/main/AndroidManifest.xml:14:64-88
31    <uses-feature
31-->src/main/AndroidManifest.xml:15:5-89
32        android:name="android.hardware.microphone"
32-->src/main/AndroidManifest.xml:15:19-61
33        android:required="false" />
33-->src/main/AndroidManifest.xml:15:62-86
34
35    <!--
36         The speech recognizer lives in another process; API 30+ requires the
37         intent to be declared for SpeechRecognizer.isRecognitionAvailable().
38    -->
39    <queries>
39-->src/main/AndroidManifest.xml:19:5-23:15
40        <intent>
40-->src/main/AndroidManifest.xml:20:9-22:18
41            <action android:name="android.speech.RecognitionService" />
41-->src/main/AndroidManifest.xml:21:13-72
41-->src/main/AndroidManifest.xml:21:21-69
42        </intent>
43    </queries>
44
45    <permission
45-->[androidx.core:core:1.15.0] AndroidManifest.xml:22:5-24:47
46        android:name="com.artjiang.helix.DYNAMIC_RECEIVER_NOT_EXPORTED_PERMISSION"
46-->[androidx.core:core:1.15.0] AndroidManifest.xml:23:9-81
47        android:protectionLevel="signature" />
47-->[androidx.core:core:1.15.0] AndroidManifest.xml:24:9-44
48
49    <uses-permission android:name="com.artjiang.helix.DYNAMIC_RECEIVER_NOT_EXPORTED_PERMISSION" />
49-->[androidx.core:core:1.15.0] AndroidManifest.xml:26:5-97
49-->[androidx.core:core:1.15.0] AndroidManifest.xml:26:22-94
50
51    <application
51-->src/main/AndroidManifest.xml:25:5-40:19
52        android:name="com.artjiang.helix.HelixApplication"
52-->src/main/AndroidManifest.xml:26:9-41
53        android:appComponentFactory="androidx.core.app.CoreComponentFactory"
53-->[androidx.core:core:1.15.0] AndroidManifest.xml:28:18-86
54        android:debuggable="true"
55        android:extractNativeLibs="false"
56        android:icon="@mipmap/ic_launcher"
56-->src/main/AndroidManifest.xml:28:9-43
57        android:label="Helix"
57-->src/main/AndroidManifest.xml:27:9-30
58        android:supportsRtl="true"
58-->src/main/AndroidManifest.xml:30:9-35
59        android:theme="@style/Theme.Helix" >
59-->src/main/AndroidManifest.xml:29:9-43
60        <activity
60-->src/main/AndroidManifest.xml:31:9-39:20
61            android:name="com.artjiang.helix.MainActivity"
61-->src/main/AndroidManifest.xml:32:13-41
62            android:exported="true"
62-->src/main/AndroidManifest.xml:33:13-36
63            android:windowSoftInputMode="adjustResize" >
63-->src/main/AndroidManifest.xml:34:13-55
64            <intent-filter>
64-->src/main/AndroidManifest.xml:35:13-38:29
65                <action android:name="android.intent.action.MAIN" />
65-->src/main/AndroidManifest.xml:36:17-69
65-->src/main/AndroidManifest.xml:36:25-66
66
67                <category android:name="android.intent.category.LAUNCHER" />
67-->src/main/AndroidManifest.xml:37:17-77
67-->src/main/AndroidManifest.xml:37:27-74
68            </intent-filter>
69        </activity>
70        <activity
70-->[androidx.compose.ui:ui-tooling-android:1.7.6] AndroidManifest.xml:23:9-25:39
71            android:name="androidx.compose.ui.tooling.PreviewActivity"
71-->[androidx.compose.ui:ui-tooling-android:1.7.6] AndroidManifest.xml:24:13-71
72            android:exported="true" />
72-->[androidx.compose.ui:ui-tooling-android:1.7.6] AndroidManifest.xml:25:13-36
73
74        <provider
74-->[androidx.emoji2:emoji2:1.3.0] AndroidManifest.xml:24:9-32:20
75            android:name="androidx.startup.InitializationProvider"
75-->[androidx.emoji2:emoji2:1.3.0] AndroidManifest.xml:25:13-67
76            android:authorities="com.artjiang.helix.androidx-startup"
76-->[androidx.emoji2:emoji2:1.3.0] AndroidManifest.xml:26:13-68
77            android:exported="false" >
77-->[androidx.emoji2:emoji2:1.3.0] AndroidManifest.xml:27:13-37
78            <meta-data
78-->[androidx.emoji2:emoji2:1.3.0] AndroidManifest.xml:29:13-31:52
79                android:name="androidx.emoji2.text.EmojiCompatInitializer"
79-->[androidx.emoji2:emoji2:1.3.0] AndroidManifest.xml:30:17-75
80                android:value="androidx.startup" />
80-->[androidx.emoji2:emoji2:1.3.0] AndroidManifest.xml:31:17-49
81            <meta-data
81-->[androidx.lifecycle:lifecycle-process:2.8.7] AndroidManifest.xml:29:13-31:52
82                android:name="androidx.lifecycle.ProcessLifecycleInitializer"
82-->[androidx.lifecycle:lifecycle-process:2.8.7] AndroidManifest.xml:30:17-78
83                android:value="androidx.startup" />
83-->[androidx.lifecycle:lifecycle-process:2.8.7] AndroidManifest.xml:31:17-49
84            <meta-data
84-->[androidx.profileinstaller:profileinstaller:1.3.1] AndroidManifest.xml:29:13-31:52
85                android:name="androidx.profileinstaller.ProfileInstallerInitializer"
85-->[androidx.profileinstaller:profileinstaller:1.3.1] AndroidManifest.xml:30:17-85
86                android:value="androidx.startup" />
86-->[androidx.profileinstaller:profileinstaller:1.3.1] AndroidManifest.xml:31:17-49
87        </provider>
88
89        <receiver
89-->[androidx.profileinstaller:profileinstaller:1.3.1] AndroidManifest.xml:34:9-52:20
90            android:name="androidx.profileinstaller.ProfileInstallReceiver"
90-->[androidx.profileinstaller:profileinstaller:1.3.1] AndroidManifest.xml:35:13-76
91            android:directBootAware="false"
91-->[androidx.profileinstaller:profileinstaller:1.3.1] AndroidManifest.xml:36:13-44
92            android:enabled="true"
92-->[androidx.profileinstaller:profileinstaller:1.3.1] AndroidManifest.xml:37:13-35
93            android:exported="true"
93-->[androidx.profileinstaller:profileinstaller:1.3.1] AndroidManifest.xml:38:13-36
94            android:permission="android.permission.DUMP" >
94-->[androidx.profileinstaller:profileinstaller:1.3.1] AndroidManifest.xml:39:13-57
95            <intent-filter>
95-->[androidx.profileinstaller:profileinstaller:1.3.1] AndroidManifest.xml:40:13-42:29
96                <action android:name="androidx.profileinstaller.action.INSTALL_PROFILE" />
96-->[androidx.profileinstaller:profileinstaller:1.3.1] AndroidManifest.xml:41:17-91
96-->[androidx.profileinstaller:profileinstaller:1.3.1] AndroidManifest.xml:41:25-88
97            </intent-filter>
98            <intent-filter>
98-->[androidx.profileinstaller:profileinstaller:1.3.1] AndroidManifest.xml:43:13-45:29
99                <action android:name="androidx.profileinstaller.action.SKIP_FILE" />
99-->[androidx.profileinstaller:profileinstaller:1.3.1] AndroidManifest.xml:44:17-85
99-->[androidx.profileinstaller:profileinstaller:1.3.1] AndroidManifest.xml:44:25-82
100            </intent-filter>
101            <intent-filter>
101-->[androidx.profileinstaller:profileinstaller:1.3.1] AndroidManifest.xml:46:13-48:29
102                <action android:name="androidx.profileinstaller.action.SAVE_PROFILE" />
102-->[androidx.profileinstaller:profileinstaller:1.3.1] AndroidManifest.xml:47:17-88
102-->[androidx.profileinstaller:profileinstaller:1.3.1] AndroidManifest.xml:47:25-85
103            </intent-filter>
104            <intent-filter>
104-->[androidx.profileinstaller:profileinstaller:1.3.1] AndroidManifest.xml:49:13-51:29
105                <action android:name="androidx.profileinstaller.action.BENCHMARK_OPERATION" />
105-->[androidx.profileinstaller:profileinstaller:1.3.1] AndroidManifest.xml:50:17-95
105-->[androidx.profileinstaller:profileinstaller:1.3.1] AndroidManifest.xml:50:25-92
106            </intent-filter>
107        </receiver>
108    </application>
109
110</manifest>